# JRE version: OpenJDK Runtime Environment 18.9 (11.0.11+9) (build 11.0.11+9-LTS)
# Java VM: OpenJDK 64-Bit Server VM 18.9 (11.0.11+9-LTS, mixed mode, sharing, tiered, compressed oops, g1 gc, linux-amd64)
Heap:
 garbage-first heap   total 923648K, used 55842K [0x000000060f400000, 0x0000000800000000)
  region size 2048K, 12 young (24576K), 12 survivors (24576K)
 Metaspace       used 28772K, capacity 29625K, committed 29716K, reserved 1075200K
  class space    used 3025K, capacity 3363K, committed 3452K, reserved 1048576K
GC Heap History (17 events):
Event: 1.005 GC heap before
{Heap before GC invocations=0 (full 0):
 garbage-first heap   total 514048K, used 23240K [0x000000060f400000, 0x0000000800000000)
  region size 2048K, 12 young (24576K), 0 survivors (0K)
 Metaspace       used 5635K, capacity 7840K, committed 8064K, reserved 1056768K
  class space    used 684K, capacity 893K, committed 896K, reserved 1048576K
}
Event: 1.028 GC heap after
{Heap after GC invocations=1 (full 0):
 garbage-first heap   total 514048K, used 3765K [0x000000060f400000, 0x0000000800000000)
  region size 2048K, 2 young (4096K), 2 survivors (4096K)
 Metaspace       used 5635K, capacity 7840K, committed 8064K, reserved 1056768K
  class space    used 684K, capacity 893K, committed 896K, reserved 1048576K
}
Event: 1.833 GC heap before
{Heap before GC invocations=1 (full 0):
 garbage-first heap   total 514048K, used 34485K [0x000000060f400000, 0x0000000800000000)
  region size 2048K, 17 young (34816K), 2 survivors (4096K)
 Metaspace       used 10474K, capacity 12381K, committed 12672K, reserved 1060864K
  class space    used 1321K, capacity 1548K, committed 1664K, reserved 1048576K
}
Event: 1.867 GC heap after
{Heap after GC invocations=2 (full 0):
 garbage-first heap   total 514048K, used 5408K [0x000000060f400000, 0x0000000800000000)
  region size 2048K, 3 young (6144K), 3 survivors (6144K)
 Metaspace       used 10474K, capacity 12381K, committed 12672K, reserved 1060864K
  class space    used 1321K, capacity 1548K, committed 1664K, reserved 1048576K
}
Event: 3.077 GC heap before
{Heap before GC invocations=2 (full 0):
 garbage-first heap   total 514048K, used 42272K [0x000000060f400000, 0x0000000800000000)
  region size 2048K, 21 young (43008K), 3 survivors (6144K)
 Metaspace       used 12635K, capacity 14218K, committed 14592K, reserved 1062912K
  class space    used 1501K, capacity 1724K, committed 1792K, reserved 1048576K
}
Event: 3.100 GC heap after
{Heap after GC invocations=3 (full 0):
 garbage-first heap   total 514048K, used 10153K [0x000000060f400000, 0x0000000800000000)
  region size 2048K, 3 young (6144K), 3 survivors (6144K)
 Metaspace       used 12635K, capacity 14218K, committed 14592K, reserved 1062912K
  class space    used 1501K, capacity 1724K, committed 1792K, reserved 1048576K
}
Event: 4.070 GC heap before
{Heap before GC invocations=3 (full 0):
 garbage-first heap   total 514048K, used 59305K [0x000000060f400000, 0x0000000800000000)
  region size 2048K, 27 young (55296K), 3 survivors (6144K)
 Metaspace       used 13297K, capacity 14700K, committed 14848K, reserved 1062912K
  class space    used 1538K, capacity 1756K, committed 1792K, reserved 1048576K
}
Event: 4.101 GC heap after
{Heap after GC invocations=4 (full 0):
 garbage-first heap   total 514048K, used 15144K [0x000000060f400000, 0x0000000800000000)
  region size 2048K, 3 young (6144K), 3 survivors (6144K)
 Metaspace       used 13297K, capacity 14700K, committed 14848K, reserved 1062912K
  class space    used 1538K, capacity 1756K, committed 1792K, reserved 1048576K
}
Event: 5.369 GC heap before
{Heap before GC invocations=4 (full 0):
 garbage-first heap   total 514048K, used 72488K [0x000000060f400000, 0x0000000800000000)
  region size 2048K, 31 young (63488K), 3 survivors (6144K)
 Metaspace       used 13682K, capacity 14980K, committed 15104K, reserved 1062912K
  class space    used 1544K, capacity 1764K, committed 1792K, reserved 1048576K
}
Event: 5.402 GC heap after
{Heap after GC invocations=5 (full 0):
 garbage-first heap   total 716800K, used 22159K [0x000000060f400000, 0x0000000800000000)
  region size 2048K, 4 young (8192K), 4 survivors (8192K)
 Metaspace       used 13682K, capacity 14980K, committed 15104K, reserved 1062912K
  class space    used 1544K, capacity 1764K, committed 1792K, reserved 1048576K
}
Event: 7.238 GC heap before
{Heap before GC invocations=5 (full 0):
 garbage-first heap   total 716800K, used 91791K [0x000000060f400000, 0x0000000800000000)
  region size 2048K, 38 young (77824K), 4 survivors (8192K)
 Metaspace       used 14626K, capacity 15884K, committed 16000K, reserved 1062912K
  class space    used 1628K, capacity 1872K, committed 1920K, reserved 1048576K
}
Event: 7.281 GC heap after
{Heap after GC invocations=6 (full 0):
 garbage-first heap   total 716800K, used 30186K [0x000000060f400000, 0x0000000800000000)
  region size 2048K, 5 young (10240K), 5 survivors (10240K)
 Metaspace       used 14626K, capacity 15884K, committed 16000K, reserved 1062912K
  class space    used 1628K, capacity 1872K, committed 1920K, reserved 1048576K
}
Event: 9.263 GC heap before
{Heap before GC invocations=6 (full 0):
 garbage-first heap   total 716800K, used 314858K [0x000000060f400000, 0x0000000800000000)
  region size 2048K, 48 young (98304K), 5 survivors (10240K)
 Metaspace       used 16251K, capacity 17384K, committed 17792K, reserved 1064960K
  class space    used 1778K, capacity 2052K, committed 2176K, reserved 1048576K
}
Event: 9.313 GC heap after
{Heap after GC invocations=7 (full 0):
 garbage-first heap   total 716800K, used 34778K [0x000000060f400000, 0x0000000800000000)
  region size 2048K, 3 young (6144K), 3 survivors (6144K)
 Metaspace       used 16251K, capacity 17384K, committed 17792K, reserved 1064960K
  class space    used 1778K, capacity 2052K, committed 2176K, reserved 1048576K
}
Event: 10.240 GC heap before
{Heap before GC invocations=7 (full 0):
 garbage-first heap   total 716800K, used 65498K [0x000000060f400000, 0x0000000800000000)
  region size 2048K, 19 young (38912K), 3 survivors (6144K)
 Metaspace       used 20181K, capacity 21106K, committed 21248K, reserved 1069056K
  class space    used 2283K, capacity 2553K, committed 2560K, reserved 1048576K
}
Event: 10.265 GC heap after
{Heap after GC invocations=8 (full 0):
 garbage-first heap   total 716800K, used 35817K [0x000000060f400000, 0x0000000800000000)
  region size 2048K, 3 young (6144K), 3 survivors (6144K)
 Metaspace       used 20181K, capacity 21106K, committed 21248K, reserved 1069056K
  class space    used 2283K, capacity 2553K, committed 2560K, reserved 1048576K
}
Event: 17.905 GC heap before
{Heap before GC invocations=9 (full 0):
 garbage-first heap   total 716800K, used 402409K [0x000000060f400000, 0x0000000800000000)
  region size 2048K, 181 young (370688K), 3 survivors (6144K)
 Metaspace       used 28772K, capacity 29625K, committed 29716K, reserved 1075200K
  class space    used 3025K, capacity 3363K, committed 3452K, reserved 1048576K
}

